mode: atomic
github.com/syrilster/go-fx-fluctuation-alert-lambda/FxTrigger.go:8.13,10.2 1 0
github.com/syrilster/go-fx-fluctuation-alert-lambda/http/client.go:13.18,15.2 1 0
github.com/syrilster/go-fx-fluctuation-alert-lambda/http/client.go:17.70,19.2 1 0
github.com/syrilster/go-fx-fluctuation-alert-lambda/pkg/store/mocks/dynamoDb.go:18.149,20.25 2 0
github.com/syrilster/go-fx-fluctuation-alert-lambda/pkg/store/mocks/dynamoDb.go:20.25,22.3 1 0
github.com/syrilster/go-fx-fluctuation-alert-lambda/pkg/store/mocks/dynamoDb.go:23.2,28.19 5 0
github.com/syrilster/go-fx-fluctuation-alert-lambda/pkg/store/mocks/dynamoDb.go:28.19,29.49 1 0
github.com/syrilster/go-fx-fluctuation-alert-lambda/pkg/store/mocks/dynamoDb.go:32.2,34.139 3 0
github.com/syrilster/go-fx-fluctuation-alert-lambda/pkg/store/mocks/dynamoDb.go:34.139,36.3 1 0
github.com/syrilster/go-fx-fluctuation-alert-lambda/pkg/store/mocks/dynamoDb.go:37.2,37.130 1 0
github.com/syrilster/go-fx-fluctuation-alert-lambda/pkg/store/mocks/dynamoDb.go:37.130,39.3 1 0
github.com/syrilster/go-fx-fluctuation-alert-lambda/pkg/store/mocks/dynamoDb.go:39.8,40.24 1 0
github.com/syrilster/go-fx-fluctuation-alert-lambda/pkg/store/mocks/dynamoDb.go:40.24,42.4 1 0
github.com/syrilster/go-fx-fluctuation-alert-lambda/pkg/store/mocks/dynamoDb.go:45.2,45.112 1 0
github.com/syrilster/go-fx-fluctuation-alert-lambda/pkg/store/mocks/dynamoDb.go:45.112,47.3 1 0
github.com/syrilster/go-fx-fluctuation-alert-lambda/pkg/store/mocks/dynamoDb.go:47.8,49.3 1 0
github.com/syrilster/go-fx-fluctuation-alert-lambda/pkg/store/mocks/dynamoDb.go:51.2,51.15 1 0
github.com/syrilster/go-fx-fluctuation-alert-lambda/pkg/store/mocks/dynamoDb.go:55.149,57.25 2 0
github.com/syrilster/go-fx-fluctuation-alert-lambda/pkg/store/mocks/dynamoDb.go:57.25,59.3 1 0
github.com/syrilster/go-fx-fluctuation-alert-lambda/pkg/store/mocks/dynamoDb.go:60.2,65.19 5 0
github.com/syrilster/go-fx-fluctuation-alert-lambda/pkg/store/mocks/dynamoDb.go:65.19,66.49 1 0
github.com/syrilster/go-fx-fluctuation-alert-lambda/pkg/store/mocks/dynamoDb.go:69.2,71.139 3 0
github.com/syrilster/go-fx-fluctuation-alert-lambda/pkg/store/mocks/dynamoDb.go:71.139,73.3 1 0
github.com/syrilster/go-fx-fluctuation-alert-lambda/pkg/store/mocks/dynamoDb.go:74.2,74.130 1 0
github.com/syrilster/go-fx-fluctuation-alert-lambda/pkg/store/mocks/dynamoDb.go:74.130,76.3 1 0
github.com/syrilster/go-fx-fluctuation-alert-lambda/pkg/store/mocks/dynamoDb.go:76.8,77.24 1 0
github.com/syrilster/go-fx-fluctuation-alert-lambda/pkg/store/mocks/dynamoDb.go:77.24,79.4 1 0
github.com/syrilster/go-fx-fluctuation-alert-lambda/pkg/store/mocks/dynamoDb.go:82.2,82.112 1 0
github.com/syrilster/go-fx-fluctuation-alert-lambda/pkg/store/mocks/dynamoDb.go:82.112,84.3 1 0
github.com/syrilster/go-fx-fluctuation-alert-lambda/pkg/store/mocks/dynamoDb.go:84.8,86.3 1 0
github.com/syrilster/go-fx-fluctuation-alert-lambda/pkg/store/mocks/dynamoDb.go:88.2,88.15 1 0
github.com/syrilster/go-fx-fluctuation-alert-lambda/pkg/store/mocks/dynamoDb.go:96.14,100.19 3 0
github.com/syrilster/go-fx-fluctuation-alert-lambda/pkg/store/mocks/dynamoDb.go:100.19,100.49 1 0
github.com/syrilster/go-fx-fluctuation-alert-lambda/pkg/store/mocks/dynamoDb.go:102.2,102.13 1 0
github.com/syrilster/go-fx-fluctuation-alert-lambda/exchange/client.go:19.71,25.2 1 1
github.com/syrilster/go-fx-fluctuation-alert-lambda/exchange/client.go:33.89,38.16 4 6
github.com/syrilster/go-fx-fluctuation-alert-lambda/exchange/client.go:38.16,40.3 1 0
github.com/syrilster/go-fx-fluctuation-alert-lambda/exchange/client.go:42.2,43.16 2 6
github.com/syrilster/go-fx-fluctuation-alert-lambda/exchange/client.go:43.16,46.3 2 1
github.com/syrilster/go-fx-fluctuation-alert-lambda/exchange/client.go:48.2,48.15 1 5
github.com/syrilster/go-fx-fluctuation-alert-lambda/exchange/client.go:48.15,49.42 1 5
github.com/syrilster/go-fx-fluctuation-alert-lambda/exchange/client.go:49.42,51.4 1 0
github.com/syrilster/go-fx-fluctuation-alert-lambda/exchange/client.go:54.2,54.38 1 5
github.com/syrilster/go-fx-fluctuation-alert-lambda/exchange/client.go:54.38,57.3 2 2
github.com/syrilster/go-fx-fluctuation-alert-lambda/exchange/client.go:59.2,60.16 2 3
github.com/syrilster/go-fx-fluctuation-alert-lambda/exchange/client.go:60.16,63.3 2 0
github.com/syrilster/go-fx-fluctuation-alert-lambda/exchange/client.go:65.2,66.48 2 3
github.com/syrilster/go-fx-fluctuation-alert-lambda/exchange/client.go:66.48,69.3 2 0
github.com/syrilster/go-fx-fluctuation-alert-lambda/exchange/client.go:71.2,72.22 2 3
github.com/syrilster/go-fx-fluctuation-alert-lambda/exchange/client.go:75.66,80.44 5 3
github.com/syrilster/go-fx-fluctuation-alert-lambda/exchange/client.go:80.44,83.3 2 1
github.com/syrilster/go-fx-fluctuation-alert-lambda/exchange/client.go:83.8,83.49 1 2
github.com/syrilster/go-fx-fluctuation-alert-lambda/exchange/client.go:83.49,86.3 2 1
github.com/syrilster/go-fx-fluctuation-alert-lambda/exchange/client.go:86.8,93.3 5 1
github.com/syrilster/go-fx-fluctuation-alert-lambda/exchange/client.go:95.2,95.27 1 3
github.com/syrilster/go-fx-fluctuation-alert-lambda/exchange/client.go:98.80,100.31 2 4
github.com/syrilster/go-fx-fluctuation-alert-lambda/exchange/client.go:100.31,101.39 1 6
github.com/syrilster/go-fx-fluctuation-alert-lambda/exchange/client.go:101.39,103.9 2 4
github.com/syrilster/go-fx-fluctuation-alert-lambda/exchange/client.go:106.2,106.30 1 4
github.com/syrilster/go-fx-fluctuation-alert-lambda/exchange/client.go:109.68,111.2 1 6
github.com/syrilster/go-fx-fluctuation-alert-lambda/http/client.go:13.18,15.2 1 0
github.com/syrilster/go-fx-fluctuation-alert-lambda/http/client.go:17.70,19.2 1 0
github.com/syrilster/go-fx-fluctuation-alert-lambda/fxtrigger/config.go:22.49,24.16 2 3
github.com/syrilster/go-fx-fluctuation-alert-lambda/fxtrigger/config.go:24.16,27.3 2 0
github.com/syrilster/go-fx-fluctuation-alert-lambda/fxtrigger/config.go:29.2,30.16 2 3
github.com/syrilster/go-fx-fluctuation-alert-lambda/fxtrigger/config.go:30.16,33.3 2 0
github.com/syrilster/go-fx-fluctuation-alert-lambda/fxtrigger/config.go:34.2,34.10 1 3
github.com/syrilster/go-fx-fluctuation-alert-lambda/fxtrigger/trigger.go:54.54,58.2 1 5
github.com/syrilster/go-fx-fluctuation-alert-lambda/fxtrigger/trigger.go:61.62,79.85 14 3
github.com/syrilster/go-fx-fluctuation-alert-lambda/fxtrigger/trigger.go:79.85,81.3 1 0
github.com/syrilster/go-fx-fluctuation-alert-lambda/fxtrigger/trigger.go:83.2,83.85 1 3
github.com/syrilster/go-fx-fluctuation-alert-lambda/fxtrigger/trigger.go:83.85,85.3 1 0
github.com/syrilster/go-fx-fluctuation-alert-lambda/fxtrigger/trigger.go:87.2,88.16 2 3
github.com/syrilster/go-fx-fluctuation-alert-lambda/fxtrigger/trigger.go:88.16,91.3 2 0
github.com/syrilster/go-fx-fluctuation-alert-lambda/fxtrigger/trigger.go:93.2,99.16 4 3
github.com/syrilster/go-fx-fluctuation-alert-lambda/fxtrigger/trigger.go:99.16,102.3 2 0
github.com/syrilster/go-fx-fluctuation-alert-lambda/fxtrigger/trigger.go:104.2,110.73 3 3
github.com/syrilster/go-fx-fluctuation-alert-lambda/fxtrigger/trigger.go:113.160,118.16 4 10
github.com/syrilster/go-fx-fluctuation-alert-lambda/fxtrigger/trigger.go:118.16,121.3 2 4
github.com/syrilster/go-fx-fluctuation-alert-lambda/fxtrigger/trigger.go:122.2,125.16 3 6
github.com/syrilster/go-fx-fluctuation-alert-lambda/fxtrigger/trigger.go:125.16,127.3 1 1
github.com/syrilster/go-fx-fluctuation-alert-lambda/fxtrigger/trigger.go:129.2,129.15 1 5
github.com/syrilster/go-fx-fluctuation-alert-lambda/fxtrigger/trigger.go:129.15,132.17 3 4
github.com/syrilster/go-fx-fluctuation-alert-lambda/fxtrigger/trigger.go:132.17,134.4 1 1
github.com/syrilster/go-fx-fluctuation-alert-lambda/fxtrigger/trigger.go:135.8,138.3 2 1
github.com/syrilster/go-fx-fluctuation-alert-lambda/fxtrigger/trigger.go:140.2,140.12 1 4
github.com/syrilster/go-fx-fluctuation-alert-lambda/fxtrigger/trigger.go:143.176,145.54 2 6
github.com/syrilster/go-fx-fluctuation-alert-lambda/fxtrigger/trigger.go:145.54,148.29 3 5
github.com/syrilster/go-fx-fluctuation-alert-lambda/fxtrigger/trigger.go:148.29,150.4 1 1
github.com/syrilster/go-fx-fluctuation-alert-lambda/fxtrigger/trigger.go:152.3,156.17 5 5
github.com/syrilster/go-fx-fluctuation-alert-lambda/fxtrigger/trigger.go:156.17,160.18 4 3
github.com/syrilster/go-fx-fluctuation-alert-lambda/fxtrigger/trigger.go:160.18,162.5 1 1
github.com/syrilster/go-fx-fluctuation-alert-lambda/fxtrigger/trigger.go:163.4,164.23 2 2
github.com/syrilster/go-fx-fluctuation-alert-lambda/fxtrigger/trigger.go:167.3,167.20 1 4
github.com/syrilster/go-fx-fluctuation-alert-lambda/fxtrigger/trigger.go:167.20,170.4 2 2
github.com/syrilster/go-fx-fluctuation-alert-lambda/fxtrigger/trigger.go:172.3,172.71 1 4
github.com/syrilster/go-fx-fluctuation-alert-lambda/fxtrigger/trigger.go:172.71,174.4 1 2
github.com/syrilster/go-fx-fluctuation-alert-lambda/fxtrigger/trigger.go:176.2,176.23 1 5
github.com/syrilster/go-fx-fluctuation-alert-lambda/fxtrigger/trigger.go:179.90,180.31 1 4
github.com/syrilster/go-fx-fluctuation-alert-lambda/fxtrigger/trigger.go:180.31,182.3 1 2
github.com/syrilster/go-fx-fluctuation-alert-lambda/fxtrigger/trigger.go:184.2,188.26 5 2
github.com/syrilster/go-fx-fluctuation-alert-lambda/fxtrigger/trigger.go:191.67,200.16 4 3
github.com/syrilster/go-fx-fluctuation-alert-lambda/fxtrigger/trigger.go:200.16,203.3 2 1
github.com/syrilster/go-fx-fluctuation-alert-lambda/fxtrigger/trigger.go:205.2,205.12 1 2
github.com/syrilster/go-fx-fluctuation-alert-lambda/fxtrigger/trigger.go:208.64,210.16 2 5
github.com/syrilster/go-fx-fluctuation-alert-lambda/fxtrigger/trigger.go:210.16,213.3 2 3
github.com/syrilster/go-fx-fluctuation-alert-lambda/fxtrigger/trigger.go:215.2,215.18 1 2
github.com/syrilster/go-fx-fluctuation-alert-lambda/fxtrigger/trigger.go:218.80,241.16 3 4
github.com/syrilster/go-fx-fluctuation-alert-lambda/fxtrigger/trigger.go:241.16,243.3 1 1
github.com/syrilster/go-fx-fluctuation-alert-lambda/fxtrigger/trigger.go:244.2,244.12 1 3
github.com/syrilster/go-fx-fluctuation-alert-lambda/fxtrigger/trigger.go:247.20,249.16 2 5
github.com/syrilster/go-fx-fluctuation-alert-lambda/fxtrigger/trigger.go:249.16,250.69 1 0
github.com/syrilster/go-fx-fluctuation-alert-lambda/fxtrigger/trigger.go:252.2,257.18 5 5
github.com/syrilster/go-fx-fluctuation-alert-lambda/fxtrigger/trigger.go:260.28,262.16 2 3
github.com/syrilster/go-fx-fluctuation-alert-lambda/fxtrigger/trigger.go:262.16,263.73 1 0
github.com/syrilster/go-fx-fluctuation-alert-lambda/fxtrigger/trigger.go:265.2,267.18 3 3
github.com/syrilster/go-fx-fluctuation-alert-lambda/fxtrigger/trigger.go:270.28,273.16 3 3
github.com/syrilster/go-fx-fluctuation-alert-lambda/fxtrigger/trigger.go:273.16,274.69 1 0
github.com/syrilster/go-fx-fluctuation-alert-lambda/fxtrigger/trigger.go:276.2,277.52 2 3
github.com/syrilster/go-fx-fluctuation-alert-lambda/http/client.go:13.18,15.2 1 3
github.com/syrilster/go-fx-fluctuation-alert-lambda/http/client.go:17.70,19.2 1 3
github.com/syrilster/go-fx-fluctuation-alert-lambda/pkg/store/mocks/dynamoDb.go:18.149,20.25 2 5
github.com/syrilster/go-fx-fluctuation-alert-lambda/pkg/store/mocks/dynamoDb.go:20.25,22.3 1 0
github.com/syrilster/go-fx-fluctuation-alert-lambda/pkg/store/mocks/dynamoDb.go:23.2,28.19 5 5
github.com/syrilster/go-fx-fluctuation-alert-lambda/pkg/store/mocks/dynamoDb.go:28.19,29.49 1 0
github.com/syrilster/go-fx-fluctuation-alert-lambda/pkg/store/mocks/dynamoDb.go:32.2,34.139 3 5
github.com/syrilster/go-fx-fluctuation-alert-lambda/pkg/store/mocks/dynamoDb.go:34.139,36.3 1 0
github.com/syrilster/go-fx-fluctuation-alert-lambda/pkg/store/mocks/dynamoDb.go:37.2,37.130 1 5
github.com/syrilster/go-fx-fluctuation-alert-lambda/pkg/store/mocks/dynamoDb.go:37.130,39.3 1 0
github.com/syrilster/go-fx-fluctuation-alert-lambda/pkg/store/mocks/dynamoDb.go:39.8,40.24 1 5
github.com/syrilster/go-fx-fluctuation-alert-lambda/pkg/store/mocks/dynamoDb.go:40.24,42.4 1 5
github.com/syrilster/go-fx-fluctuation-alert-lambda/pkg/store/mocks/dynamoDb.go:45.2,45.112 1 5
github.com/syrilster/go-fx-fluctuation-alert-lambda/pkg/store/mocks/dynamoDb.go:45.112,47.3 1 0
github.com/syrilster/go-fx-fluctuation-alert-lambda/pkg/store/mocks/dynamoDb.go:47.8,49.3 1 5
github.com/syrilster/go-fx-fluctuation-alert-lambda/pkg/store/mocks/dynamoDb.go:51.2,51.15 1 5
github.com/syrilster/go-fx-fluctuation-alert-lambda/pkg/store/mocks/dynamoDb.go:55.149,57.25 2 3
github.com/syrilster/go-fx-fluctuation-alert-lambda/pkg/store/mocks/dynamoDb.go:57.25,59.3 1 0
github.com/syrilster/go-fx-fluctuation-alert-lambda/pkg/store/mocks/dynamoDb.go:60.2,65.19 5 3
github.com/syrilster/go-fx-fluctuation-alert-lambda/pkg/store/mocks/dynamoDb.go:65.19,66.49 1 0
github.com/syrilster/go-fx-fluctuation-alert-lambda/pkg/store/mocks/dynamoDb.go:69.2,71.139 3 3
github.com/syrilster/go-fx-fluctuation-alert-lambda/pkg/store/mocks/dynamoDb.go:71.139,73.3 1 0
github.com/syrilster/go-fx-fluctuation-alert-lambda/pkg/store/mocks/dynamoDb.go:74.2,74.130 1 3
github.com/syrilster/go-fx-fluctuation-alert-lambda/pkg/store/mocks/dynamoDb.go:74.130,76.3 1 0
github.com/syrilster/go-fx-fluctuation-alert-lambda/pkg/store/mocks/dynamoDb.go:76.8,77.24 1 3
github.com/syrilster/go-fx-fluctuation-alert-lambda/pkg/store/mocks/dynamoDb.go:77.24,79.4 1 3
github.com/syrilster/go-fx-fluctuation-alert-lambda/pkg/store/mocks/dynamoDb.go:82.2,82.112 1 3
github.com/syrilster/go-fx-fluctuation-alert-lambda/pkg/store/mocks/dynamoDb.go:82.112,84.3 1 0
github.com/syrilster/go-fx-fluctuation-alert-lambda/pkg/store/mocks/dynamoDb.go:84.8,86.3 1 3
github.com/syrilster/go-fx-fluctuation-alert-lambda/pkg/store/mocks/dynamoDb.go:88.2,88.15 1 3
github.com/syrilster/go-fx-fluctuation-alert-lambda/pkg/store/mocks/dynamoDb.go:96.14,100.19 3 0
github.com/syrilster/go-fx-fluctuation-alert-lambda/pkg/store/mocks/dynamoDb.go:100.19,100.49 1 0
github.com/syrilster/go-fx-fluctuation-alert-lambda/pkg/store/mocks/dynamoDb.go:102.2,102.13 1 0
github.com/syrilster/go-fx-fluctuation-alert-lambda/pkg/store/dynamo.go:30.61,35.2 1 5
github.com/syrilster/go-fx-fluctuation-alert-lambda/pkg/store/dynamo.go:38.53,40.29 2 2
github.com/syrilster/go-fx-fluctuation-alert-lambda/pkg/store/dynamo.go:40.29,43.3 2 0
github.com/syrilster/go-fx-fluctuation-alert-lambda/pkg/store/dynamo.go:45.2,48.16 2 2
github.com/syrilster/go-fx-fluctuation-alert-lambda/pkg/store/dynamo.go:48.16,50.3 1 1
github.com/syrilster/go-fx-fluctuation-alert-lambda/pkg/store/dynamo.go:51.2,51.12 1 2
github.com/syrilster/go-fx-fluctuation-alert-lambda/pkg/store/dynamo.go:55.61,64.16 3 3
github.com/syrilster/go-fx-fluctuation-alert-lambda/pkg/store/dynamo.go:64.16,66.3 1 1
github.com/syrilster/go-fx-fluctuation-alert-lambda/pkg/store/dynamo.go:69.2,69.29 1 2
github.com/syrilster/go-fx-fluctuation-alert-lambda/pkg/store/dynamo.go:69.29,71.3 1 1
github.com/syrilster/go-fx-fluctuation-alert-lambda/pkg/store/dynamo.go:74.2,76.16 3 1
github.com/syrilster/go-fx-fluctuation-alert-lambda/pkg/store/dynamo.go:76.16,78.3 1 0
github.com/syrilster/go-fx-fluctuation-alert-lambda/pkg/store/dynamo.go:80.2,80.18 1 1
github.com/syrilster/go-fx-fluctuation-alert-lambda/pkg/store/mocks/dynamoDb.go:18.149,20.25 2 3
github.com/syrilster/go-fx-fluctuation-alert-lambda/pkg/store/mocks/dynamoDb.go:20.25,22.3 1 0
github.com/syrilster/go-fx-fluctuation-alert-lambda/pkg/store/mocks/dynamoDb.go:23.2,28.19 5 3
github.com/syrilster/go-fx-fluctuation-alert-lambda/pkg/store/mocks/dynamoDb.go:28.19,29.49 1 0
github.com/syrilster/go-fx-fluctuation-alert-lambda/pkg/store/mocks/dynamoDb.go:32.2,34.139 3 3
github.com/syrilster/go-fx-fluctuation-alert-lambda/pkg/store/mocks/dynamoDb.go:34.139,36.3 1 0
github.com/syrilster/go-fx-fluctuation-alert-lambda/pkg/store/mocks/dynamoDb.go:37.2,37.130 1 3
github.com/syrilster/go-fx-fluctuation-alert-lambda/pkg/store/mocks/dynamoDb.go:37.130,39.3 1 0
github.com/syrilster/go-fx-fluctuation-alert-lambda/pkg/store/mocks/dynamoDb.go:39.8,40.24 1 3
github.com/syrilster/go-fx-fluctuation-alert-lambda/pkg/store/mocks/dynamoDb.go:40.24,42.4 1 3
github.com/syrilster/go-fx-fluctuation-alert-lambda/pkg/store/mocks/dynamoDb.go:45.2,45.112 1 3
github.com/syrilster/go-fx-fluctuation-alert-lambda/pkg/store/mocks/dynamoDb.go:45.112,47.3 1 0
github.com/syrilster/go-fx-fluctuation-alert-lambda/pkg/store/mocks/dynamoDb.go:47.8,49.3 1 3
github.com/syrilster/go-fx-fluctuation-alert-lambda/pkg/store/mocks/dynamoDb.go:51.2,51.15 1 3
github.com/syrilster/go-fx-fluctuation-alert-lambda/pkg/store/mocks/dynamoDb.go:55.149,57.25 2 2
github.com/syrilster/go-fx-fluctuation-alert-lambda/pkg/store/mocks/dynamoDb.go:57.25,59.3 1 0
github.com/syrilster/go-fx-fluctuation-alert-lambda/pkg/store/mocks/dynamoDb.go:60.2,65.19 5 2
github.com/syrilster/go-fx-fluctuation-alert-lambda/pkg/store/mocks/dynamoDb.go:65.19,66.49 1 0
github.com/syrilster/go-fx-fluctuation-alert-lambda/pkg/store/mocks/dynamoDb.go:69.2,71.139 3 2
github.com/syrilster/go-fx-fluctuation-alert-lambda/pkg/store/mocks/dynamoDb.go:71.139,73.3 1 0
github.com/syrilster/go-fx-fluctuation-alert-lambda/pkg/store/mocks/dynamoDb.go:74.2,74.130 1 2
github.com/syrilster/go-fx-fluctuation-alert-lambda/pkg/store/mocks/dynamoDb.go:74.130,76.3 1 0
github.com/syrilster/go-fx-fluctuation-alert-lambda/pkg/store/mocks/dynamoDb.go:76.8,77.24 1 2
github.com/syrilster/go-fx-fluctuation-alert-lambda/pkg/store/mocks/dynamoDb.go:77.24,79.4 1 2
github.com/syrilster/go-fx-fluctuation-alert-lambda/pkg/store/mocks/dynamoDb.go:82.2,82.112 1 2
github.com/syrilster/go-fx-fluctuation-alert-lambda/pkg/store/mocks/dynamoDb.go:82.112,84.3 1 0
github.com/syrilster/go-fx-fluctuation-alert-lambda/pkg/store/mocks/dynamoDb.go:84.8,86.3 1 2
github.com/syrilster/go-fx-fluctuation-alert-lambda/pkg/store/mocks/dynamoDb.go:88.2,88.15 1 2
github.com/syrilster/go-fx-fluctuation-alert-lambda/pkg/store/mocks/dynamoDb.go:96.14,100.19 3 0
github.com/syrilster/go-fx-fluctuation-alert-lambda/pkg/store/mocks/dynamoDb.go:100.19,100.49 1 0
github.com/syrilster/go-fx-fluctuation-alert-lambda/pkg/store/mocks/dynamoDb.go:102.2,102.13 1 0
